Traceback (most recent call last):
  File "/Users/jordivilla/miniconda3/lib/python3.11/site-packages/jupyter_cache/executors/utils.py", line 58, in single_nb_execution
    executenb(
  File "/Users/jordivilla/miniconda3/lib/python3.11/site-packages/nbclient/client.py", line 1305, in execute
    return NotebookClient(nb=nb, resources=resources, km=km, **kwargs).execute()
           ^^^^^^^^^^^^^^^^^^^^^^^^^^^^^^^^^^^^^^^^^^^^^^^^^^^^^^^^^^^^^^^^^^^^^
  File "/Users/jordivilla/miniconda3/lib/python3.11/site-packages/jupyter_core/utils/__init__.py", line 166, in wrapped
    return loop.run_until_complete(inner)
           ^^^^^^^^^^^^^^^^^^^^^^^^^^^^^^
  File "/Users/jordivilla/miniconda3/lib/python3.11/asyncio/base_events.py", line 653, in run_until_complete
    return future.result()
           ^^^^^^^^^^^^^^^
  File "/Users/jordivilla/miniconda3/lib/python3.11/site-packages/nbclient/client.py", line 705, in async_execute
    await self.async_execute_cell(
  File "/Users/jordivilla/miniconda3/lib/python3.11/site-packages/nbclient/client.py", line 1058, in async_execute_cell
    await self._check_raise_for_error(cell, cell_index, exec_reply)
  File "/Users/jordivilla/miniconda3/lib/python3.11/site-packages/nbclient/client.py", line 914, in _check_raise_for_error
    raise CellExecutionError.from_cell_and_msg(cell, exec_reply_content)
nbclient.exceptions.CellExecutionError: An error occurred while executing the following cell:
------------------
import os
from chimera import runCommand as rc # use 'rc' as shorthand for runCommand
from chimera import replyobj # for emitting status messages

# change to folder with data files
os.chdir("/Users/pett/data")

# gather the names of .pdb files in the folder
file_names = [fn for fn in os.listdir(".") if fn.endswith(".pdb")]

# loop through the files, opening, processing, and closing each in turn
for fn in file_names:
	replyobj.status("Processing " + fn) # show what file we're working on
	rc("open " + fn)
	rc("align ligand ~ligand") # put ligand in front of remainder of molecule
	rc("focus ligand") # center/zoom ligand
	rc("surf") # surface receptor
	rc("preset apply publication 1") # make everything look nice
	rc("surftransp 15") # make the surface a little bit see-through
	# save image to a file that ends in .png rather than .pdb
	png_name = fn[:-3] + "png"
	rc("copy file " + png_name + " supersample 3")
	rc("close all")
# uncommenting the line below will cause Chimera to exit when the script is done
#rc("stop now")
# note that indentation is significant in Python; the fact that
# the above command is exdented means that it is executed after
# the loop completes, whereas the indented commands that 
# preceded it are executed as part of the loop.
------------------


[0;31m---------------------------------------------------------------------------[0m
[0;31mModuleNotFoundError[0m                       Traceback (most recent call last)
Cell [0;32mIn[1], line 2[0m
[1;32m      1[0m [38;5;28;01mimport[39;00m [38;5;21;01mos[39;00m
[0;32m----> 2[0m [38;5;28;01mfrom[39;00m [38;5;21;01mchimera[39;00m [38;5;28;01mimport[39;00m runCommand [38;5;28;01mas[39;00m rc [38;5;66;03m# use 'rc' as shorthand for runCommand[39;00m
[1;32m      3[0m [38;5;28;01mfrom[39;00m [38;5;21;01mchimera[39;00m [38;5;28;01mimport[39;00m replyobj [38;5;66;03m# for emitting status messages[39;00m
[1;32m      5[0m [38;5;66;03m# change to folder with data files[39;00m

[0;31mModuleNotFoundError[0m: No module named 'chimera'

