Traceback (most recent call last):
  File "/Users/jordivilla/miniconda3/lib/python3.11/site-packages/jupyter_cache/executors/utils.py", line 58, in single_nb_execution
    executenb(
  File "/Users/jordivilla/miniconda3/lib/python3.11/site-packages/nbclient/client.py", line 1305, in execute
    return NotebookClient(nb=nb, resources=resources, km=km, **kwargs).execute()
           ^^^^^^^^^^^^^^^^^^^^^^^^^^^^^^^^^^^^^^^^^^^^^^^^^^^^^^^^^^^^^^^^^^^^^
  File "/Users/jordivilla/miniconda3/lib/python3.11/site-packages/jupyter_core/utils/__init__.py", line 166, in wrapped
    return loop.run_until_complete(inner)
           ^^^^^^^^^^^^^^^^^^^^^^^^^^^^^^
  File "/Users/jordivilla/miniconda3/lib/python3.11/asyncio/base_events.py", line 653, in run_until_complete
    return future.result()
           ^^^^^^^^^^^^^^^
  File "/Users/jordivilla/miniconda3/lib/python3.11/site-packages/nbclient/client.py", line 705, in async_execute
    await self.async_execute_cell(
  File "/Users/jordivilla/miniconda3/lib/python3.11/site-packages/nbclient/client.py", line 1058, in async_execute_cell
    await self._check_raise_for_error(cell, cell_index, exec_reply)
  File "/Users/jordivilla/miniconda3/lib/python3.11/site-packages/nbclient/client.py", line 914, in _check_raise_for_error
    raise CellExecutionError.from_cell_and_msg(cell, exec_reply_content)
nbclient.exceptions.CellExecutionError: An error occurred while executing the following cell:
------------------

from chembl_webresource_client.new_client import new_client

# Receptor protein-tyrosyne kinase erbB-2

chembl_id = "CHEMBL1824"


activities = new_client.mechanism.filter(target_chembl_id=chembl_id)
compounds_ids = [x["molecule_chembl_id"] for x in activities]
approved_drugs = new_client.molecule.filter(molecule_chembl_id_in=compounds_ids).filter(max_phase=4)
------------------


[0;31m---------------------------------------------------------------------------[0m
[0;31mModuleNotFoundError[0m                       Traceback (most recent call last)
Cell [0;32mIn[1], line 1[0m
[0;32m----> 1[0m [38;5;28;01mfrom[39;00m [38;5;21;01mchembl_webresource_client[39;00m[38;5;21;01m.[39;00m[38;5;21;01mnew_client[39;00m [38;5;28;01mimport[39;00m new_client
[1;32m      3[0m [38;5;66;03m# Receptor protein-tyrosyne kinase erbB-2[39;00m
[1;32m      5[0m chembl_id [38;5;241m=[39m [38;5;124m"[39m[38;5;124mCHEMBL1824[39m[38;5;124m"[39m

[0;31mModuleNotFoundError[0m: No module named 'chembl_webresource_client'

