Traceback (most recent call last):
  File "/Users/jordivilla/miniconda3/lib/python3.11/site-packages/jupyter_cache/executors/utils.py", line 58, in single_nb_execution
    executenb(
  File "/Users/jordivilla/miniconda3/lib/python3.11/site-packages/nbclient/client.py", line 1305, in execute
    return NotebookClient(nb=nb, resources=resources, km=km, **kwargs).execute()
           ^^^^^^^^^^^^^^^^^^^^^^^^^^^^^^^^^^^^^^^^^^^^^^^^^^^^^^^^^^^^^^^^^^^^^
  File "/Users/jordivilla/miniconda3/lib/python3.11/site-packages/jupyter_core/utils/__init__.py", line 166, in wrapped
    return loop.run_until_complete(inner)
           ^^^^^^^^^^^^^^^^^^^^^^^^^^^^^^
  File "/Users/jordivilla/miniconda3/lib/python3.11/asyncio/base_events.py", line 653, in run_until_complete
    return future.result()
           ^^^^^^^^^^^^^^^
  File "/Users/jordivilla/miniconda3/lib/python3.11/site-packages/nbclient/client.py", line 705, in async_execute
    await self.async_execute_cell(
  File "/Users/jordivilla/miniconda3/lib/python3.11/site-packages/nbclient/client.py", line 1058, in async_execute_cell
    await self._check_raise_for_error(cell, cell_index, exec_reply)
  File "/Users/jordivilla/miniconda3/lib/python3.11/site-packages/nbclient/client.py", line 914, in _check_raise_for_error
    raise CellExecutionError.from_cell_and_msg(cell, exec_reply_content)
nbclient.exceptions.CellExecutionError: An error occurred while executing the following cell:
------------------
# finding positive and negative regions in a fraction function

import matplotlib.pyplot as plt
import numpy as np


# 100 linearly spaced numbers
x = np.linspace(-2,4,100)

# the functions, which are y = sin(x) and z = cos(x) here
y = x-1
labely='numerador y=x-1'
z = x**2-2*x-3
labelz='denominador y=x^2-2x-3'


# setting the axes at the centre
fig = plt.figure()
ax = fig.add_subplot(1, 1, 1)
ax.spines['left'].set_position('zero')
ax.spines['bottom'].set_position('zero')
ax.spines['right'].set_color('none')
ax.spines['top'].set_color('none')
ax.xaxis.set_ticks_position('bottom')
ax.yaxis.set_ticks_position('left')
ax.fill_between(x,0,y,where=y>0,hatch='+',edgecolor='b',facecolor='none')
ax.fill_between(x,0,z,where=z>0,hatch='+',edgecolor='b',facecolor='none')
ax.fill_between(x,0,y,where=y<0,hatch='-',edgecolor='y',facecolor='none')
ax.fill_between(x,0,z,where=z<0,hatch='-',edgecolor='y',facecolor='none')
ax.fill_between(x,-0.5,0.5,where=(z>0) & (y>0),facecolor='green')
ax.fill_between(x,-0.5,0.5,where=(z<0) & (y<0),facecolor='green')

# plot the functions
plt.plot(x,y, 'c', label=labely)
plt.plot(x,z, 'm', label=labelz)

plt.legend(loc='upper left')


# show the plot

plt.savefig('posneg1.png')
plt.show()

#plotting a function
------------------


[0;31m---------------------------------------------------------------------------[0m
[0;31mModuleNotFoundError[0m                       Traceback (most recent call last)
Cell [0;32mIn[1], line 3[0m
[1;32m      1[0m [38;5;66;03m# finding positive and negative regions in a fraction function[39;00m
[0;32m----> 3[0m [38;5;28;01mimport[39;00m [38;5;21;01mmatplotlib[39;00m[38;5;21;01m.[39;00m[38;5;21;01mpyplot[39;00m [38;5;28;01mas[39;00m [38;5;21;01mplt[39;00m
[1;32m      4[0m [38;5;28;01mimport[39;00m [38;5;21;01mnumpy[39;00m [38;5;28;01mas[39;00m [38;5;21;01mnp[39;00m
[1;32m      7[0m [38;5;66;03m# 100 linearly spaced numbers[39;00m

[0;31mModuleNotFoundError[0m: No module named 'matplotlib'

